Drill report for /Users/marco/Dropbox/NASC/IoT Kit/NASC IoT Kit v1.1/IoT Kit.kicad_pcb
Created on vrijdag 09 juni 2017 11:09:48

Copper Layer Stackup:
    =============================================================
    L1 :  F.Cu                      front
    L2 :  B.Cu                      back


Drill file 'IoT Kit.drl' contains
    plated through holes:
    =============================================================
    T1  0,70mm  0,028"  (4 holes)
    T2  0,75mm  0,030"  (8 holes)
    T3  0,80mm  0,031"  (16 holes)
    T4  0,90mm  0,035"  (8 holes)
    T5  1,00mm  0,039"  (28 holes)
    T6  1,02mm  0,040"  (49 holes)
    T7  1,10mm  0,043"  (8 holes)

    Total plated holes count 121


Drill file 'IoT Kit-NPTH.drl' contains
    unplated through holes:
    =============================================================
    T1  2,75mm  0,108"  (4 holes)

    Total unplated holes count 4
